{"D:\\my-projects\\hardocs\\REPOS\\hardocs-vue-client\\src\\background.js": {"path":"D:\\my-projects\\hardocs\\REPOS\\hardocs-vue-client\\src\\background.js","statementMap":{"0":{"start":{"line":12,"column":22},"end":{"line":12,"column":59}},"1":{"start":{"line":17,"column":0},"end":{"line":25,"column":3}},"2":{"start":{"line":29,"column":2},"end":{"line":38,"column":5}},"3":{"start":{"line":40,"column":2},"end":{"line":48,"column":3}},"4":{"start":{"line":42,"column":4},"end":{"line":42,"column":52}},"5":{"start":{"line":43,"column":4},"end":{"line":43,"column":61}},"6":{"start":{"line":43,"column":30},"end":{"line":43,"column":61}},"7":{"start":{"line":45,"column":4},"end":{"line":45,"column":26}},"8":{"start":{"line":47,"column":4},"end":{"line":47,"column":38}},"9":{"start":{"line":51,"column":4},"end":{"line":56,"column":7}},"10":{"start":{"line":52,"column":6},"end":{"line":55,"column":8}},"11":{"start":{"line":54,"column":8},"end":{"line":54,"column":20}},"12":{"start":{"line":59,"column":2},"end":{"line":92,"column":5}},"13":{"start":{"line":60,"column":25},"end":{"line":60,"column":34}},"14":{"start":{"line":61,"column":20},"end":{"line":61,"column":38}},"15":{"start":{"line":62,"column":17},"end":{"line":62,"column":22}},"16":{"start":{"line":63,"column":4},"end":{"line":63,"column":44}},"17":{"start":{"line":65,"column":5},"end":{"line":90,"column":41}},"18":{"start":{"line":67,"column":8},"end":{"line":87,"column":9}},"19":{"start":{"line":68,"column":25},"end":{"line":74,"column":14}},"20":{"start":{"line":75,"column":10},"end":{"line":83,"column":11}},"21":{"start":{"line":76,"column":12},"end":{"line":76,"column":60}},"22":{"start":{"line":77,"column":12},"end":{"line":77,"column":33}},"23":{"start":{"line":78,"column":12},"end":{"line":78,"column":70}},"24":{"start":{"line":81,"column":12},"end":{"line":81,"column":25}},"25":{"start":{"line":82,"column":12},"end":{"line":82,"column":50}},"26":{"start":{"line":86,"column":10},"end":{"line":86,"column":20}},"27":{"start":{"line":90,"column":22},"end":{"line":90,"column":40}},"28":{"start":{"line":91,"column":6},"end":{"line":91,"column":27}},"29":{"start":{"line":91,"column":17},"end":{"line":91,"column":27}},"30":{"start":{"line":94,"column":2},"end":{"line":96,"column":5}},"31":{"start":{"line":95,"column":4},"end":{"line":95,"column":15}},"32":{"start":{"line":98,"column":2},"end":{"line":98,"column":12}},"33":{"start":{"line":102,"column":0},"end":{"line":108,"column":3}},"34":{"start":{"line":105,"column":2},"end":{"line":107,"column":3}},"35":{"start":{"line":106,"column":4},"end":{"line":106,"column":15}},"36":{"start":{"line":110,"column":0},"end":{"line":116,"column":3}},"37":{"start":{"line":113,"column":2},"end":{"line":115,"column":3}},"38":{"start":{"line":114,"column":4},"end":{"line":114,"column":19}},"39":{"start":{"line":121,"column":0},"end":{"line":143,"column":3}},"40":{"start":{"line":122,"column":19},"end":{"line":122,"column":21}},"41":{"start":{"line":123,"column":2},"end":{"line":135,"column":3}},"42":{"start":{"line":125,"column":4},"end":{"line":125,"column":68}},"43":{"start":{"line":126,"column":4},"end":{"line":131,"column":5}},"44":{"start":{"line":127,"column":6},"end":{"line":127,"column":45}},"45":{"start":{"line":128,"column":6},"end":{"line":128,"column":53}},"46":{"start":{"line":130,"column":6},"end":{"line":130,"column":65}},"47":{"start":{"line":134,"column":4},"end":{"line":134,"column":60}},"48":{"start":{"line":137,"column":14},"end":{"line":137,"column":28}},"49":{"start":{"line":139,"column":2},"end":{"line":139,"column":25}},"50":{"start":{"line":140,"column":2},"end":{"line":142,"column":4}},"51":{"start":{"line":141,"column":4},"end":{"line":141,"column":51}},"52":{"start":{"line":146,"column":0},"end":{"line":158,"column":1}},"53":{"start":{"line":147,"column":2},"end":{"line":157,"column":3}},"54":{"start":{"line":148,"column":4},"end":{"line":152,"column":7}},"55":{"start":{"line":149,"column":6},"end":{"line":151,"column":7}},"56":{"start":{"line":150,"column":8},"end":{"line":150,"column":19}},"57":{"start":{"line":154,"column":4},"end":{"line":156,"column":7}},"58":{"start":{"line":155,"column":6},"end":{"line":155,"column":17}}},"fnMap":{"0":{"name":"createWindow","decl":{"start":{"line":27,"column":9},"end":{"line":27,"column":21}},"loc":{"start":{"line":27,"column":24},"end":{"line":99,"column":1}},"line":27},"1":{"name":"getUnsavedDocsStatus","decl":{"start":{"line":50,"column":11},"end":{"line":50,"column":31}},"loc":{"start":{"line":50,"column":34},"end":{"line":57,"column":3}},"line":50},"2":{"name":"(anonymous_2)","decl":{"start":{"line":51,"column":23},"end":{"line":51,"column":24}},"loc":{"start":{"line":51,"column":44},"end":{"line":56,"column":5}},"line":51},"3":{"name":"(anonymous_3)","decl":{"start":{"line":52,"column":36},"end":{"line":52,"column":37}},"loc":{"start":{"line":52,"column":48},"end":{"line":55,"column":7}},"line":52},"4":{"name":"(anonymous_4)","decl":{"start":{"line":59,"column":18},"end":{"line":59,"column":19}},"loc":{"start":{"line":59,"column":37},"end":{"line":92,"column":3}},"line":59},"5":{"name":"(anonymous_5)","decl":{"start":{"line":66,"column":12},"end":{"line":66,"column":13}},"loc":{"start":{"line":66,"column":25},"end":{"line":88,"column":7}},"line":66},"6":{"name":"(anonymous_6)","decl":{"start":{"line":90,"column":13},"end":{"line":90,"column":14}},"loc":{"start":{"line":90,"column":22},"end":{"line":90,"column":40}},"line":90},"7":{"name":"(anonymous_7)","decl":{"start":{"line":94,"column":19},"end":{"line":94,"column":20}},"loc":{"start":{"line":94,"column":25},"end":{"line":96,"column":3}},"line":94},"8":{"name":"(anonymous_8)","decl":{"start":{"line":102,"column":28},"end":{"line":102,"column":29}},"loc":{"start":{"line":102,"column":34},"end":{"line":108,"column":1}},"line":102},"9":{"name":"(anonymous_9)","decl":{"start":{"line":110,"column":19},"end":{"line":110,"column":20}},"loc":{"start":{"line":110,"column":25},"end":{"line":116,"column":1}},"line":110},"10":{"name":"(anonymous_10)","decl":{"start":{"line":121,"column":16},"end":{"line":121,"column":17}},"loc":{"start":{"line":121,"column":28},"end":{"line":143,"column":1}},"line":121},"11":{"name":"(anonymous_11)","decl":{"start":{"line":140,"column":40},"end":{"line":140,"column":41}},"loc":{"start":{"line":140,"column":46},"end":{"line":142,"column":3}},"line":140},"12":{"name":"(anonymous_12)","decl":{"start":{"line":148,"column":26},"end":{"line":148,"column":27}},"loc":{"start":{"line":148,"column":36},"end":{"line":152,"column":5}},"line":148},"13":{"name":"(anonymous_13)","decl":{"start":{"line":154,"column":26},"end":{"line":154,"column":27}},"loc":{"start":{"line":154,"column":32},"end":{"line":156,"column":5}},"line":154}},"branchMap":{"0":{"loc":{"start":{"line":40,"column":2},"end":{"line":48,"column":3}},"type":"if","locations":[{"start":{"line":40,"column":2},"end":{"line":48,"column":3}},{"start":{"line":40,"column":2},"end":{"line":48,"column":3}}],"line":40},"1":{"loc":{"start":{"line":43,"column":4},"end":{"line":43,"column":61}},"type":"if","locations":[{"start":{"line":43,"column":4},"end":{"line":43,"column":61}},{"start":{"line":43,"column":4},"end":{"line":43,"column":61}}],"line":43},"2":{"loc":{"start":{"line":67,"column":8},"end":{"line":87,"column":9}},"type":"if","locations":[{"start":{"line":67,"column":8},"end":{"line":87,"column":9}},{"start":{"line":67,"column":8},"end":{"line":87,"column":9}}],"line":67},"3":{"loc":{"start":{"line":75,"column":10},"end":{"line":83,"column":11}},"type":"if","locations":[{"start":{"line":75,"column":10},"end":{"line":83,"column":11}},{"start":{"line":75,"column":10},"end":{"line":83,"column":11}}],"line":75},"4":{"loc":{"start":{"line":89,"column":12},"end":{"line":89,"column":37}},"type":"binary-expr","locations":[{"start":{"line":89,"column":12},"end":{"line":89,"column":26}},{"start":{"line":89,"column":30},"end":{"line":89,"column":37}}],"line":89},"5":{"loc":{"start":{"line":91,"column":6},"end":{"line":91,"column":27}},"type":"if","locations":[{"start":{"line":91,"column":6},"end":{"line":91,"column":27}},{"start":{"line":91,"column":6},"end":{"line":91,"column":27}}],"line":91},"6":{"loc":{"start":{"line":105,"column":2},"end":{"line":107,"column":3}},"type":"if","locations":[{"start":{"line":105,"column":2},"end":{"line":107,"column":3}},{"start":{"line":105,"column":2},"end":{"line":107,"column":3}}],"line":105},"7":{"loc":{"start":{"line":113,"column":2},"end":{"line":115,"column":3}},"type":"if","locations":[{"start":{"line":113,"column":2},"end":{"line":115,"column":3}},{"start":{"line":113,"column":2},"end":{"line":115,"column":3}}],"line":113},"8":{"loc":{"start":{"line":123,"column":2},"end":{"line":135,"column":3}},"type":"if","locations":[{"start":{"line":123,"column":2},"end":{"line":135,"column":3}},{"start":{"line":123,"column":2},"end":{"line":135,"column":3}}],"line":123},"9":{"loc":{"start":{"line":123,"column":6},"end":{"line":123,"column":43}},"type":"binary-expr","locations":[{"start":{"line":123,"column":6},"end":{"line":123,"column":19}},{"start":{"line":123,"column":23},"end":{"line":123,"column":43}}],"line":123},"10":{"loc":{"start":{"line":146,"column":0},"end":{"line":158,"column":1}},"type":"if","locations":[{"start":{"line":146,"column":0},"end":{"line":158,"column":1}},{"start":{"line":146,"column":0},"end":{"line":158,"column":1}}],"line":146},"11":{"loc":{"start":{"line":147,"column":2},"end":{"line":157,"column":3}},"type":"if","locations":[{"start":{"line":147,"column":2},"end":{"line":157,"column":3}},{"start":{"line":147,"column":2},"end":{"line":157,"column":3}}],"line":147},"12":{"loc":{"start":{"line":149,"column":6},"end":{"line":151,"column":7}},"type":"if","locations":[{"start":{"line":149,"column":6},"end":{"line":151,"column":7}},{"start":{"line":149,"column":6},"end":{"line":151,"column":7}}],"line":149}},"s":{"0":0,"1":0,"2":0,"3":0,"4":0,"5":0,"6":0,"7":0,"8":0,"9":0,"10":0,"11":0,"12":0,"13":0,"14":0,"15":0,"16":0,"17":0,"18":0,"19":0,"20":0,"21":0,"22":0,"23":0,"24":0,"25":0,"26":0,"27":0,"28":0,"29":0,"30":0,"31":0,"32":0,"33":0,"34":0,"35":0,"36":0,"37":0,"38":0,"39":0,"40":0,"41":0,"42":0,"43":0,"44":0,"45":0,"46":0,"47":0,"48":0,"49":0,"50":0,"51":0,"52":0,"53":0,"54":0,"55":0,"56":0,"57":0,"58":0},"f":{"0":0,"1":0,"2":0,"3":0,"4":0,"5":0,"6":0,"7":0,"8":0,"9":0,"10":0,"11":0,"12":0,"13":0},"b":{"0":[0,0],"1":[0,0],"2":[0,0],"3":[0,0],"4":[0,0],"5":[0,0],"6":[0,0],"7":[0,0],"8":[0,0],"9":[0,0],"10":[0,0],"11":[0,0],"12":[0,0]}}
,"D:\\my-projects\\hardocs\\REPOS\\hardocs-vue-client\\src\\main.js": {"path":"D:\\my-projects\\hardocs\\REPOS\\hardocs-vue-client\\src\\main.js","statementMap":{"0":{"start":{"line":11,"column":0},"end":{"line":11,"column":33}},"1":{"start":{"line":13,"column":0},"end":{"line":13,"column":18}},"2":{"start":{"line":15,"column":0},"end":{"line":15,"column":20}},"3":{"start":{"line":16,"column":0},"end":{"line":16,"column":20}},"4":{"start":{"line":18,"column":0},"end":{"line":18,"column":33}},"5":{"start":{"line":20,"column":0},"end":{"line":25,"column":18}},"6":{"start":{"line":24,"column":17},"end":{"line":24,"column":23}}},"fnMap":{"0":{"name":"(anonymous_0)","decl":{"start":{"line":24,"column":10},"end":{"line":24,"column":11}},"loc":{"start":{"line":24,"column":17},"end":{"line":24,"column":23}},"line":24}},"branchMap":{},"s":{"0":0,"1":0,"2":0,"3":0,"4":0,"5":0,"6":0},"f":{"0":0},"b":{}}
}
